<?xml version="1.0" encoding="UTF-8"?>
<testsuite name="ToyPlaneTest" tests="4" skipped="0" failures="0" errors="0" timestamp="2022-03-10T21:51:02" hostname="LAPTOP-Q5C8LV4E" time="0.334">
  <properties/>
  <testcase name="[1] 3, 10, true" classname="ToyPlaneTest" time="0.303"/>
  <testcase name="[2] 1, 10, false" classname="ToyPlaneTest" time="0.005"/>
  <testcase name="[3] 3, 50, false" classname="ToyPlaneTest" time="0.005"/>
  <testcase name="[4] 0, 100, false" classname="ToyPlaneTest" time="0.005"/>
  <system-out><![CDATA[]]></system-out>
  <system-err><![CDATA[]]></system-err>
</testsuite>
